\BOOKMARK [-1][-]{part.1}{\376\377\000I\000\040\000G\000e\000n\000e\000r\000a\000l\000i\000z\000a\000t\000i\000o\000n\000\040\000T\000h\000e\000o\000r\000y}{}% 1
\BOOKMARK [0][-]{chapter.1}{\376\377\000S\000u\000p\000e\000r\000v\000i\000s\000e\000d\000\040\000L\000e\000a\000r\000n\000i\000n\000g\000\040\000F\000r\000a\000m\000e\000w\000o\000r\000k}{part.1}% 2
\BOOKMARK [1][-]{section.1.1}{\376\377\000B\000a\000s\000i\000c\000\040\000S\000e\000t\000u\000p\000s}{chapter.1}% 3
\BOOKMARK [1][-]{section.1.2}{\376\377\000E\000m\000p\000i\000r\000i\000c\000a\000l\000\040\000R\000i\000s\000k\000\040\000M\000i\000n\000i\000m\000i\000z\000a\000t\000i\000o\000n}{chapter.1}% 4
\BOOKMARK [1][-]{section.1.3}{\376\377\000Q\000u\000e\000s\000t\000i\000o\000n\000s}{chapter.1}% 5
\BOOKMARK [0][-]{chapter.2}{\376\377\000C\000o\000n\000c\000e\000n\000t\000r\000a\000t\000i\000o\000n\000\040\000I\000n\000e\000q\000u\000a\000l\000i\000t\000y}{part.1}% 6
\BOOKMARK [1][-]{section.2.1}{\376\377\000C\000h\000e\000b\000y\000s\000h\000e\000v\000'\000s\000\040\000I\000n\000e\000q\000u\000a\000l\000i\000t\000y}{chapter.2}% 7
\BOOKMARK [1][-]{section.2.2}{\376\377\000H\000o\000e\000f\000f\000d\000i\000n\000g\000\040\000I\000n\000e\000q\000u\000a\000l\000i\000t\000y}{chapter.2}% 8
\BOOKMARK [1][-]{section.2.3}{\376\377\000B\000o\000u\000n\000d\000e\000d\000\040\000D\000i\000f\000f\000e\000r\000e\000n\000c\000e\000\040\000C\000o\000n\000c\000e\000n\000t\000r\000a\000t\000i\000o\000n\000\040\000I\000n\000e\000q\000u\000a\000l\000i\000t\000y}{chapter.2}% 9
\BOOKMARK [0][-]{chapter.3}{\376\377\000R\000a\000d\000e\000m\000a\000c\000h\000e\000r\000\040\000C\000o\000m\000p\000l\000e\000x\000i\000t\000y}{part.1}% 10
\BOOKMARK [1][-]{section.3.1}{\376\377\000U\000n\000i\000f\000o\000r\000m\000\040\000C\000o\000n\000v\000e\000r\000g\000e\000n\000c\000e}{chapter.3}% 11
\BOOKMARK [1][-]{section.3.2}{\376\377\000R\000a\000d\000e\000m\000a\000c\000h\000e\000r\000\040\000C\000o\000m\000p\000l\000e\000x\000i\000t\000y}{chapter.3}% 12
\BOOKMARK [0][-]{chapter.4}{\376\377\000V\000C\000-\000D\000i\000m\000e\000n\000s\000i\000o\000n}{part.1}% 13
\BOOKMARK [1][-]{section.4.1}{\376\377\000G\000r\000o\000w\000t\000h\000\040\000F\000u\000n\000c\000t\000i\000o\000n\000\040\000B\000o\000u\000n\000d\000s}{chapter.4}% 14
\BOOKMARK [1][-]{section.4.2}{\376\377\000M\000o\000r\000e\000\040\000o\000n\000\040\000V\000C\000-\000D\000i\000m\000e\000n\000s\000i\000o\000n}{chapter.4}% 15
\BOOKMARK [0][-]{chapter.5}{\376\377\000M\000a\000r\000g\000i\000n\000\040\000T\000h\000e\000o\000r\000y}{part.1}% 16
\BOOKMARK [1][-]{section.5.1}{\376\377\000B\000a\000s\000i\000c\000\040\000S\000e\000t\000u\000p\000s}{chapter.5}% 17
\BOOKMARK [1][-]{section.5.2}{\376\377\000M\000a\000r\000g\000i\000n\000\040\000B\000o\000u\000n\000d\000\040\000f\000o\000r\000\040\000L\000i\000n\000e\000a\000r\000\040\000f\000u\000n\000c\000t\000i\000o\000n\000s}{chapter.5}% 18
\BOOKMARK [0][-]{chapter.6}{\376\377\000G\000e\000n\000e\000r\000a\000l\000i\000z\000a\000t\000i\000o\000n\000\040\000b\000o\000u\000n\000d\000s\000\040\000v\000i\000a\000\040\000c\000o\000v\000e\000r\000i\000n\000g\000\040\000n\000u\000m\000b\000e\000r\000s}{part.1}% 19
\BOOKMARK [1][-]{section.6.1}{\376\377\000S\000e\000t\000u\000p\000s}{chapter.6}% 20
\BOOKMARK [1][-]{section.6.2}{\376\377\000R\000e\000l\000a\000t\000i\000o\000n\000\040\000t\000o\000\040\000R\000a\000d\000e\000m\000a\000c\000h\000e\000r\000\040\000C\000o\000m\000p\000l\000e\000x\000i\000t\000y}{chapter.6}% 21
\BOOKMARK [-1][-]{part.2}{\376\377\000I\000I\000\040\000O\000p\000t\000i\000m\000i\000z\000a\000t\000i\000o\000n}{}% 22
\BOOKMARK [0][-]{chapter.7}{\376\377\000G\000r\000a\000d\000i\000e\000n\000t\000\040\000d\000e\000s\000c\000e\000n\000t\000\040\000a\000n\000d\000\040\000C\000o\000n\000v\000e\000x\000\040\000O\000p\000t\000i\000m\000i\000z\000a\000t\000i\000o\000n}{part.2}% 23
\BOOKMARK [1][-]{section.7.1}{\376\377\000C\000o\000n\000v\000e\000x\000\040\000O\000p\000t\000i\000m\000i\000z\000a\000t\000i\000o\000n}{chapter.7}% 24
\BOOKMARK [1][-]{section.7.2}{\376\377\000C\000o\000n\000v\000e\000r\000g\000e\000n\000c\000e\000\040\000o\000f\000\040\000G\000D\000\040\000f\000o\000r\000\040\000S\000m\000o\000o\000t\000h\000\040\000C\000o\000n\000v\000e\000x\000\040\000F\000u\000n\000c\000t\000i\000o\000n\000s}{chapter.7}% 25
\BOOKMARK [0][-]{chapter.8}{\376\377\000C\000o\000n\000v\000e\000r\000g\000e\000n\000c\000e\000\040\000o\000f\000\040\000G\000D\000\040\000U\000n\000d\000e\000r\000\040\000C\000e\000r\000t\000a\000i\000n\000\040\000C\000o\000n\000d\000i\000t\000i\000o\000n\000s}{part.2}% 26
\BOOKMARK [1][-]{section.8.1}{\376\377\000F\000o\000r\000\040\000S\000m\000o\000o\000t\000h\000\040\000a\000n\000d\000\040\000C\000o\000n\000v\000e\000x\000\040\000F\000u\000n\000c\000t\000i\000o\000n\000s}{chapter.8}% 27
\BOOKMARK [1][-]{section.8.2}{\376\377\000L\000i\000n\000e\000a\000r\000\040\000C\000o\000n\000v\000e\000r\000g\000e\000n\000c\000e\000\040\000u\000n\000d\000e\000r\000\040\000P\000L\000\040\000c\000o\000n\000d\000i\000t\000i\000o\000n}{chapter.8}% 28
\BOOKMARK [0][-]{chapter.9}{\376\377\000N\000o\000n\000-\000C\000o\000n\000v\000e\000x\000\040\000O\000p\000t\000i\000m\000i\000z\000a\000t\000i\000o\000n}{part.2}% 29
\BOOKMARK [1][-]{section.9.1}{\376\377\000B\000a\000s\000i\000c\000s}{chapter.9}% 30
\BOOKMARK [1][-]{section.9.2}{\376\377\000S\000e\000c\000o\000n\000d\000-\000o\000r\000d\000e\000r\000\040\000s\000t\000a\000t\000i\000o\000n\000a\000r\000y\000\040\000p\000o\000i\000n\000t}{chapter.9}% 31
\BOOKMARK [1][-]{section.9.3}{\376\377\000F\000i\000n\000d\000i\000n\000g\000\040\000S\000O\000S\000P\000\040\000w\000i\000t\000h\000\040\000v\000a\000n\000i\000l\000l\000a\000\040\000G\000D}{chapter.9}% 32
\BOOKMARK [1][-]{section.9.4}{\376\377\000L\000a\000n\000d\000s\000c\000a\000p\000e\000\040\000A\000n\000a\000l\000y\000s\000i\000s}{chapter.9}% 33
\BOOKMARK [1][-]{section.9.5}{\376\377\000T\000r\000a\000j\000e\000c\000t\000o\000r\000y\000\040\000A\000n\000a\000l\000y\000s\000i\000s}{chapter.9}% 34
\BOOKMARK [-1][-]{part.3}{\376\377\000I\000I\000I\000\040\000D\000e\000e\000p\000\040\000L\000e\000a\000r\000n\000i\000n\000g}{}% 35
\BOOKMARK [0][-]{chapter.10}{\376\377\000I\000n\000t\000r\000o\000d\000u\000c\000t\000i\000o\000n\000\040\000t\000o\000\040\000I\000m\000p\000l\000i\000c\000i\000t\000\040\000R\000e\000g\000u\000l\000a\000r\000i\000z\000a\000t\000i\000o\000n}{part.3}% 36
\BOOKMARK [1][-]{section.10.1}{\376\377\000B\000a\000c\000k\000g\000r\000o\000u\000n\000d}{chapter.10}% 37
\BOOKMARK [1][-]{section.10.2}{\376\377\000M\000o\000t\000i\000v\000a\000t\000i\000n\000g\000\040\000E\000x\000a\000m\000p\000l\000e\000s\000\040\000o\000f\000\040\000I\000m\000p\000l\000i\000c\000i\000t\000\040\000R\000e\000g\000u\000l\000a\000r\000i\000z\000a\000t\000i\000o\000n}{chapter.10}% 38
\BOOKMARK [0][-]{chapter.11}{\376\377\000I\000m\000p\000l\000i\000c\000i\000t\000\040\000R\000e\000g\000u\000l\000a\000r\000i\000z\000a\000t\000i\000o\000n\000\040\000o\000f\000\040\000G\000D}{part.3}% 39
\BOOKMARK [1][-]{section.11.1}{\376\377\000I\000m\000p\000l\000i\000c\000i\000t\000\040\000r\000e\000g\000u\000l\000a\000r\000i\000z\000a\000t\000i\000o\000n\000\040\000i\000n\000\040\000c\000l\000a\000s\000s\000i\000f\000i\000c\000a\000t\000i\000o\000n}{chapter.11}% 40
\BOOKMARK [-1][-]{part.4}{\376\377\000I\000V\000\040\000A\000p\000p\000e\000n\000d\000i\000x}{}% 41
\BOOKMARK [0][-]{chapter.12}{\376\377\000C\000a\000l\000c\000u\000l\000u\000s}{part.4}% 42
\BOOKMARK [1][-]{section.12.1}{\376\377\000T\000a\000y\000l\000o\000r\000\040\000E\000x\000p\000a\000n\000s\000i\000o\000n}{chapter.12}% 43
\BOOKMARK [1][-]{section.12.2}{\376\377\000L\000i\000n\000e\000a\000r\000\040\000A\000l\000g\000e\000b\000r\000a}{chapter.12}% 44
